


ARM Macro Assembler    Page 1 


    1 00000000         ;/*!
    2 00000000         ;    \file  startup_gd32f30x_cl.s
    3 00000000         ;    \brief start up file
    4 00000000         ;*/
    5 00000000         
    6 00000000         ;/*
    7 00000000         ;    Copyright (C) 2017 GigaDevice
    8 00000000         
    9 00000000         ;    2017-02-10, V1.0.1, firmware for GD32F30x
   10 00000000         ;*/
   11 00000000         
   12 00000000         ; <h> Stack Configuration
   13 00000000         ;   <o> Stack Size (in Bytes) <0x0-0xFFFFFFFF:8>
   14 00000000         ; </h>
   15 00000000         
   16 00000000 00000400 
                       Stack_Size
                               EQU              0x00000400
   17 00000000         
   18 00000000                 AREA             STACK, NOINIT, READWRITE, ALIGN
=3
   19 00000000         Stack_Mem
                               SPACE            Stack_Size
   20 00000400         __initial_sp
   21 00000400         
   22 00000400         
   23 00000400         ; <h> Heap Configuration
   24 00000400         ;   <o>  Heap Size (in Bytes) <0x0-0xFFFFFFFF:8>
   25 00000400         ; </h>
   26 00000400         
   27 00000400 00000400 
                       Heap_Size
                               EQU              0x00000400
   28 00000400         
   29 00000400                 AREA             HEAP, NOINIT, READWRITE, ALIGN=
3
   30 00000000         __heap_base
   31 00000000         Heap_Mem
                               SPACE            Heap_Size
   32 00000400         __heap_limit
   33 00000400         
   34 00000400                 PRESERVE8
   35 00000400                 THUMB
   36 00000400         
   37 00000400         ;               /* reset Vector Mapped to at Address 0 *
                       /
   38 00000400                 AREA             RESET, DATA, READONLY
   39 00000000                 EXPORT           __Vectors
   40 00000000                 EXPORT           __Vectors_End
   41 00000000                 EXPORT           __Vectors_Size
   42 00000000         
   43 00000000 00000000 
                       __Vectors
                               DCD              __initial_sp ; Top of Stack
   44 00000004 00000000        DCD              Reset_Handler ; Reset Handler
   45 00000008 00000000        DCD              NMI_Handler ; NMI Handler
   46 0000000C 00000000        DCD              HardFault_Handler ; Hard Fault 
                                                            Handler
   47 00000010 00000000        DCD              MemManage_Handler 



ARM Macro Assembler    Page 2 


                                                            ; MPU Fault Handler
                                                            
   48 00000014 00000000        DCD              BusFault_Handler 
                                                            ; Bus Fault Handler
                                                            
   49 00000018 00000000        DCD              UsageFault_Handler ; Usage Faul
                                                            t Handler
   50 0000001C 00000000        DCD              0           ; Reserved
   51 00000020 00000000        DCD              0           ; Reserved
   52 00000024 00000000        DCD              0           ; Reserved
   53 00000028 00000000        DCD              0           ; Reserved
   54 0000002C 00000000        DCD              SVC_Handler ; SVCall Handler
   55 00000030 00000000        DCD              DebugMon_Handler ; Debug Monito
                                                            r Handler
   56 00000034 00000000        DCD              0           ; Reserved
   57 00000038 00000000        DCD              PendSV_Handler ; PendSV Handler
                                                            
   58 0000003C 00000000        DCD              SysTick_Handler 
                                                            ; SysTick Handler
   59 00000040         
   60 00000040         ;               /* external interrupts handler */
   61 00000040 00000000        DCD              WWDGT_IRQHandler ; 16:Window Wa
                                                            tchdog Timer
   62 00000044 00000000        DCD              LVD_IRQHandler ; 17:LVD through
                                                             EXTI Line detect
   63 00000048 00000000        DCD              TAMPER_IRQHandler ; 18:Tamper t
                                                            hrough EXTI Line de
                                                            tect
   64 0000004C 00000000        DCD              RTC_IRQHandler ; 19:RTC through
                                                             EXTI Line
   65 00000050 00000000        DCD              FMC_IRQHandler ; 20:FMC
   66 00000054 00000000        DCD              RCU_CTC_IRQHandler 
                                                            ; 21:RCU and CTC
   67 00000058 00000000        DCD              EXTI0_IRQHandler 
                                                            ; 22:EXTI Line 0
   68 0000005C 00000000        DCD              EXTI1_IRQHandler 
                                                            ; 23:EXTI Line 1
   69 00000060 00000000        DCD              EXTI2_IRQHandler 
                                                            ; 24:EXTI Line 2
   70 00000064 00000000        DCD              EXTI3_IRQHandler 
                                                            ; 25:EXTI Line 3
   71 00000068 00000000        DCD              EXTI4_IRQHandler 
                                                            ; 26:EXTI Line 4
   72 0000006C 00000000        DCD              DMA0_Channel0_IRQHandler 
                                                            ; 27:DMA0 Channel0
   73 00000070 00000000        DCD              DMA0_Channel1_IRQHandler 
                                                            ; 28:DMA0 Channel1
   74 00000074 00000000        DCD              DMA0_Channel2_IRQHandler 
                                                            ; 29:DMA0 Channel2
   75 00000078 00000000        DCD              DMA0_Channel3_IRQHandler 
                                                            ; 30:DMA0 Channel3
   76 0000007C 00000000        DCD              DMA0_Channel4_IRQHandler 
                                                            ; 31:DMA0 Channel4
   77 00000080 00000000        DCD              DMA0_Channel5_IRQHandler 
                                                            ; 32:DMA0 Channel5
   78 00000084 00000000        DCD              DMA0_Channel6_IRQHandler 
                                                            ; 33:DMA0 Channel6
   79 00000088 00000000        DCD              ADC0_1_IRQHandler 
                                                            ; 34:ADC0 and ADC1



ARM Macro Assembler    Page 3 


   80 0000008C 00000000        DCD              CAN0_TX_IRQHandler ; 35:CAN0 TX
                                                            
   81 00000090 00000000        DCD              CAN0_RX0_IRQHandler 
                                                            ; 36:CAN0 RX0
   82 00000094 00000000        DCD              CAN0_RX1_IRQHandler 
                                                            ; 37:CAN0 RX1
   83 00000098 00000000        DCD              CAN0_EWMC_IRQHandler 
                                                            ; 38:CAN0 EWMC
   84 0000009C 00000000        DCD              EXTI5_9_IRQHandler 
                                                            ; 39:EXTI5 to EXTI9
                                                            
   85 000000A0 00000000        DCD              TIMER0_BRK_TIMER8_IRQHandler ; 
                                                            40:TIMER0 Break and
                                                             TIMER8
   86 000000A4 00000000        DCD              TIMER0_UP_TIMER9_IRQHandler ; 4
                                                            1:TIMER0 Update and
                                                             TIMER9
   87 000000A8 00000000        DCD              TIMER0_TRG_CMT_TIMER10_IRQHandl
er 
                                                            ; 42:TIMER0 Trigger
                                                             and Commutation an
                                                            d TIMER10
   88 000000AC 00000000        DCD              TIMER0_Channel_IRQHandler ; 43:
                                                            TIMER0 Channel Capt
                                                            ure Compare
   89 000000B0 00000000        DCD              TIMER1_IRQHandler ; 44:TIMER1
   90 000000B4 00000000        DCD              TIMER2_IRQHandler ; 45:TIMER2
   91 000000B8 00000000        DCD              TIMER3_IRQHandler ; 46:TIMER3
   92 000000BC 00000000        DCD              I2C0_EV_IRQHandler 
                                                            ; 47:I2C0 Event
   93 000000C0 00000000        DCD              I2C0_ER_IRQHandler 
                                                            ; 48:I2C0 Error
   94 000000C4 00000000        DCD              I2C1_EV_IRQHandler 
                                                            ; 49:I2C1 Event
   95 000000C8 00000000        DCD              I2C1_ER_IRQHandler 
                                                            ; 50:I2C1 Error
   96 000000CC 00000000        DCD              SPI0_IRQHandler ; 51:SPI0
   97 000000D0 00000000        DCD              SPI1_IRQHandler ; 52:SPI1
   98 000000D4 00000000        DCD              USART0_IRQHandler ; 53:USART0
   99 000000D8 00000000        DCD              USART1_IRQHandler ; 54:USART1
  100 000000DC 00000000        DCD              USART2_IRQHandler ; 55:USART2
  101 000000E0 00000000        DCD              EXTI10_15_IRQHandler ; 56:EXTI1
                                                            0 to EXTI15
  102 000000E4 00000000        DCD              RTC_Alarm_IRQHandler 
                                                            ; 57:RTC Alarm
  103 000000E8 00000000        DCD              USBFS_WKUP_IRQHandler 
                                                            ; 58:USBFS Wakeup
  104 000000EC 00000000        DCD              TIMER7_BRK_TIMER11_IRQHandler ;
                                                             59:TIMER7 Break an
                                                            d TIMER11
  105 000000F0 00000000        DCD              TIMER7_UP_TIMER12_IRQHandler ; 
                                                            60:TIMER7 Update an
                                                            d TIMER12
  106 000000F4 00000000        DCD              TIMER7_TRG_CMT_TIMER13_IRQHandl
er 
                                                            ; 61:TIMER7 Trigger
                                                             and Commutation an
                                                            d TIMER13
  107 000000F8 00000000        DCD              TIMER7_Channel_IRQHandler ; 62:



ARM Macro Assembler    Page 4 


                                                            TIMER7 Channel Capt
                                                            ure Compare
  108 000000FC 00000000        DCD              0           ; Reserved
  109 00000100 00000000        DCD              EXMC_IRQHandler ; 64:EXMC
  110 00000104 00000000        DCD              0           ; Reserved
  111 00000108 00000000        DCD              TIMER4_IRQHandler ; 66:TIMER4
  112 0000010C 00000000        DCD              SPI2_IRQHandler ; 67:SPI2
  113 00000110 00000000        DCD              UART3_IRQHandler ; 68:UART3
  114 00000114 00000000        DCD              UART4_IRQHandler ; 69:UART4
  115 00000118 00000000        DCD              TIMER5_IRQHandler ; 70:TIMER5 
  116 0000011C 00000000        DCD              TIMER6_IRQHandler ; 71:TIMER6
  117 00000120 00000000        DCD              DMA1_Channel0_IRQHandler 
                                                            ; 72:DMA1 Channel0
  118 00000124 00000000        DCD              DMA1_Channel1_IRQHandler 
                                                            ; 73:DMA1 Channel1
  119 00000128 00000000        DCD              DMA1_Channel2_IRQHandler 
                                                            ; 74:DMA1 Channel2
  120 0000012C 00000000        DCD              DMA1_Channel3_IRQHandler 
                                                            ; 75:DMA1 Channel3
  121 00000130 00000000        DCD              DMA1_Channel4_IRQHandler 
                                                            ; 76:DMA1 Channel4
  122 00000134 00000000        DCD              ENET_IRQHandler ; 77:Ethernet
  123 00000138 00000000        DCD              ENET_WKUP_IRQHandler ; 78:Ether
                                                            net Wakeup through 
                                                            EXTI Line
  124 0000013C 00000000        DCD              CAN1_TX_IRQHandler ; 79:CAN1 TX
                                                            
  125 00000140 00000000        DCD              CAN1_RX0_IRQHandler 
                                                            ; 80:CAN1 RX0
  126 00000144 00000000        DCD              CAN1_RX1_IRQHandler 
                                                            ; 81:CAN1 RX1
  127 00000148 00000000        DCD              CAN1_EWMC_IRQHandler 
                                                            ; 82:CAN1 EWMC
  128 0000014C 00000000        DCD              USBFS_IRQHandler ; 83:USBFS
  129 00000150         
  130 00000150         __Vectors_End
  131 00000150         
  132 00000150 00000150 
                       __Vectors_Size
                               EQU              __Vectors_End - __Vectors
  133 00000150         
  134 00000150                 AREA             |.text|, CODE, READONLY
  135 00000000         
  136 00000000         ;/* reset Handler */
  137 00000000         Reset_Handler
                               PROC
  138 00000000                 EXPORT           Reset_Handler                  
   [WEAK]
  139 00000000                 IMPORT           SystemInit
  140 00000000                 IMPORT           __main
  141 00000000 4806            LDR              R0, =SystemInit
  142 00000002 4780            BLX              R0
  143 00000004 4806            LDR              R0, =__main
  144 00000006 4700            BX               R0
  145 00000008                 ENDP
  146 00000008         
  147 00000008         ;/* dummy Exception Handlers */
  148 00000008         NMI_Handler
                               PROC



ARM Macro Assembler    Page 5 


  149 00000008                 EXPORT           NMI_Handler                    
   [WEAK]
  150 00000008 E7FE            B                .
  151 0000000A                 ENDP
  153 0000000A         HardFault_Handler
                               PROC
  154 0000000A                 EXPORT           HardFault_Handler              
   [WEAK]
  155 0000000A E7FE            B                .
  156 0000000C                 ENDP
  158 0000000C         MemManage_Handler
                               PROC
  159 0000000C                 EXPORT           MemManage_Handler              
   [WEAK]
  160 0000000C E7FE            B                .
  161 0000000E                 ENDP
  163 0000000E         BusFault_Handler
                               PROC
  164 0000000E                 EXPORT           BusFault_Handler               
   [WEAK]
  165 0000000E E7FE            B                .
  166 00000010                 ENDP
  168 00000010         UsageFault_Handler
                               PROC
  169 00000010                 EXPORT           UsageFault_Handler             
   [WEAK]
  170 00000010 E7FE            B                .
  171 00000012                 ENDP
  172 00000012         SVC_Handler
                               PROC
  173 00000012                 EXPORT           SVC_Handler                    
   [WEAK]
  174 00000012 E7FE            B                .
  175 00000014                 ENDP
  177 00000014         DebugMon_Handler
                               PROC
  178 00000014                 EXPORT           DebugMon_Handler               
   [WEAK]
  179 00000014 E7FE            B                .
  180 00000016                 ENDP
  182 00000016         PendSV_Handler
                               PROC
  183 00000016                 EXPORT           PendSV_Handler                 
   [WEAK]
  184 00000016 E7FE            B                .
  185 00000018                 ENDP
  187 00000018         SysTick_Handler
                               PROC
  188 00000018                 EXPORT           SysTick_Handler                
   [WEAK]
  189 00000018 E7FE            B                .
  190 0000001A                 ENDP
  191 0000001A         
  192 0000001A         Default_Handler
                               PROC
  193 0000001A         ;               /* external interrupts handler */
  194 0000001A                 EXPORT           WWDGT_IRQHandler               
   [WEAK]
  195 0000001A                 EXPORT           LVD_IRQHandler                 



ARM Macro Assembler    Page 6 


   [WEAK]
  196 0000001A                 EXPORT           TAMPER_IRQHandler              
   [WEAK]
  197 0000001A                 EXPORT           RTC_IRQHandler                 
   [WEAK]
  198 0000001A                 EXPORT           FMC_IRQHandler                 
   [WEAK]
  199 0000001A                 EXPORT           RCU_CTC_IRQHandler             
   [WEAK]
  200 0000001A                 EXPORT           EXTI0_IRQHandler               
   [WEAK]
  201 0000001A                 EXPORT           EXTI1_IRQHandler               
   [WEAK]
  202 0000001A                 EXPORT           EXTI2_IRQHandler               
   [WEAK]
  203 0000001A                 EXPORT           EXTI3_IRQHandler               
   [WEAK]
  204 0000001A                 EXPORT           EXTI4_IRQHandler               
   [WEAK]
  205 0000001A                 EXPORT           DMA0_Channel0_IRQHandler       
   [WEAK]
  206 0000001A                 EXPORT           DMA0_Channel1_IRQHandler       
   [WEAK]
  207 0000001A                 EXPORT           DMA0_Channel2_IRQHandler       
   [WEAK]
  208 0000001A                 EXPORT           DMA0_Channel3_IRQHandler       
   [WEAK]
  209 0000001A                 EXPORT           DMA0_Channel4_IRQHandler       
   [WEAK]
  210 0000001A                 EXPORT           DMA0_Channel5_IRQHandler       
   [WEAK]
  211 0000001A                 EXPORT           DMA0_Channel6_IRQHandler       
   [WEAK]
  212 0000001A                 EXPORT           ADC0_1_IRQHandler              
   [WEAK]
  213 0000001A                 EXPORT           CAN0_TX_IRQHandler             
   [WEAK]
  214 0000001A                 EXPORT           CAN0_RX0_IRQHandler            
   [WEAK]
  215 0000001A                 EXPORT           CAN0_RX1_IRQHandler            
   [WEAK]
  216 0000001A                 EXPORT           CAN0_EWMC_IRQHandler           
   [WEAK]
  217 0000001A                 EXPORT           EXTI5_9_IRQHandler             
   [WEAK]
  218 0000001A                 EXPORT           TIMER0_BRK_TIMER8_IRQHandler   
   [WEAK]
  219 0000001A                 EXPORT           TIMER0_UP_TIMER9_IRQHandler    
   [WEAK]
  220 0000001A                 EXPORT           TIMER0_TRG_CMT_TIMER10_IRQHandl
er [WEAK]
  221 0000001A                 EXPORT           TIMER0_Channel_IRQHandler      
   [WEAK]
  222 0000001A                 EXPORT           TIMER1_IRQHandler              
   [WEAK]
  223 0000001A                 EXPORT           TIMER2_IRQHandler              
   [WEAK]
  224 0000001A                 EXPORT           TIMER3_IRQHandler              
   [WEAK]



ARM Macro Assembler    Page 7 


  225 0000001A                 EXPORT           I2C0_EV_IRQHandler             
   [WEAK]
  226 0000001A                 EXPORT           I2C0_ER_IRQHandler             
   [WEAK]
  227 0000001A                 EXPORT           I2C1_EV_IRQHandler             
   [WEAK]
  228 0000001A                 EXPORT           I2C1_ER_IRQHandler             
   [WEAK]
  229 0000001A                 EXPORT           SPI0_IRQHandler                
   [WEAK]
  230 0000001A                 EXPORT           SPI1_IRQHandler                
   [WEAK]
  231 0000001A                 EXPORT           USART0_IRQHandler              
   [WEAK]
  232 0000001A                 EXPORT           USART1_IRQHandler              
   [WEAK]
  233 0000001A                 EXPORT           USART2_IRQHandler              
   [WEAK]
  234 0000001A                 EXPORT           EXTI10_15_IRQHandler           
   [WEAK]
  235 0000001A                 EXPORT           RTC_Alarm_IRQHandler           
   [WEAK]
  236 0000001A                 EXPORT           USBFS_WKUP_IRQHandler          
   [WEAK]
  237 0000001A                 EXPORT           TIMER7_BRK_TIMER11_IRQHandler  
   [WEAK]
  238 0000001A                 EXPORT           TIMER7_UP_TIMER12_IRQHandler   
   [WEAK]
  239 0000001A                 EXPORT           TIMER7_TRG_CMT_TIMER13_IRQHandl
er [WEAK]
  240 0000001A                 EXPORT           TIMER7_Channel_IRQHandler      
   [WEAK]
  241 0000001A                 EXPORT           EXMC_IRQHandler                
   [WEAK]
  242 0000001A                 EXPORT           TIMER4_IRQHandler              
   [WEAK]
  243 0000001A                 EXPORT           SPI2_IRQHandler                
   [WEAK]
  244 0000001A                 EXPORT           UART3_IRQHandler               
   [WEAK]
  245 0000001A                 EXPORT           UART4_IRQHandler               
   [WEAK]
  246 0000001A                 EXPORT           TIMER5_IRQHandler              
   [WEAK]
  247 0000001A                 EXPORT           TIMER6_IRQHandler              
   [WEAK]
  248 0000001A                 EXPORT           DMA1_Channel0_IRQHandler       
   [WEAK]
  249 0000001A                 EXPORT           DMA1_Channel1_IRQHandler       
   [WEAK]
  250 0000001A                 EXPORT           DMA1_Channel2_IRQHandler       
   [WEAK]
  251 0000001A                 EXPORT           DMA1_Channel3_IRQHandler       
   [WEAK]
  252 0000001A                 EXPORT           DMA1_Channel4_IRQHandler       
   [WEAK]
  253 0000001A                 EXPORT           ENET_IRQHandler                
   [WEAK]
  254 0000001A                 EXPORT           ENET_WKUP_IRQHandler           



ARM Macro Assembler    Page 8 


   [WEAK]
  255 0000001A                 EXPORT           CAN1_TX_IRQHandler             
   [WEAK]
  256 0000001A                 EXPORT           CAN1_RX0_IRQHandler            
   [WEAK]
  257 0000001A                 EXPORT           CAN1_RX1_IRQHandler            
   [WEAK]
  258 0000001A                 EXPORT           CAN1_EWMC_IRQHandler           
   [WEAK]
  259 0000001A                 EXPORT           USBFS_IRQHandler               
   [WEAK]
  260 0000001A         
  261 0000001A         ;/* external interrupts handler */
  262 0000001A         WWDGT_IRQHandler
  263 0000001A         LVD_IRQHandler
  264 0000001A         TAMPER_IRQHandler
  265 0000001A         RTC_IRQHandler
  266 0000001A         FMC_IRQHandler
  267 0000001A         RCU_CTC_IRQHandler
  268 0000001A         EXTI0_IRQHandler
  269 0000001A         EXTI1_IRQHandler
  270 0000001A         EXTI2_IRQHandler
  271 0000001A         EXTI3_IRQHandler
  272 0000001A         EXTI4_IRQHandler
  273 0000001A         DMA0_Channel0_IRQHandler
  274 0000001A         DMA0_Channel1_IRQHandler
  275 0000001A         DMA0_Channel2_IRQHandler
  276 0000001A         DMA0_Channel3_IRQHandler
  277 0000001A         DMA0_Channel4_IRQHandler
  278 0000001A         DMA0_Channel5_IRQHandler
  279 0000001A         DMA0_Channel6_IRQHandler
  280 0000001A         ADC0_1_IRQHandler
  281 0000001A         CAN0_TX_IRQHandler
  282 0000001A         CAN0_RX0_IRQHandler
  283 0000001A         CAN0_RX1_IRQHandler
  284 0000001A         CAN0_EWMC_IRQHandler
  285 0000001A         EXTI5_9_IRQHandler
  286 0000001A         TIMER0_BRK_TIMER8_IRQHandler
  287 0000001A         TIMER0_UP_TIMER9_IRQHandler
  288 0000001A         TIMER0_TRG_CMT_TIMER10_IRQHandler
  289 0000001A         TIMER0_Channel_IRQHandler
  290 0000001A         TIMER1_IRQHandler
  291 0000001A         TIMER2_IRQHandler
  292 0000001A         TIMER3_IRQHandler
  293 0000001A         I2C0_EV_IRQHandler
  294 0000001A         I2C0_ER_IRQHandler
  295 0000001A         I2C1_EV_IRQHandler
  296 0000001A         I2C1_ER_IRQHandler
  297 0000001A         SPI0_IRQHandler
  298 0000001A         SPI1_IRQHandler
  299 0000001A         USART0_IRQHandler
  300 0000001A         USART1_IRQHandler
  301 0000001A         USART2_IRQHandler
  302 0000001A         EXTI10_15_IRQHandler
  303 0000001A         RTC_Alarm_IRQHandler
  304 0000001A         USBFS_WKUP_IRQHandler
  305 0000001A         TIMER7_BRK_TIMER11_IRQHandler
  306 0000001A         TIMER7_UP_TIMER12_IRQHandler
  307 0000001A         TIMER7_TRG_CMT_TIMER13_IRQHandler



ARM Macro Assembler    Page 9 


  308 0000001A         TIMER7_Channel_IRQHandler
  309 0000001A         EXMC_IRQHandler
  310 0000001A         TIMER4_IRQHandler
  311 0000001A         SPI2_IRQHandler
  312 0000001A         UART3_IRQHandler
  313 0000001A         UART4_IRQHandler
  314 0000001A         TIMER5_IRQHandler
  315 0000001A         TIMER6_IRQHandler
  316 0000001A         DMA1_Channel0_IRQHandler
  317 0000001A         DMA1_Channel1_IRQHandler
  318 0000001A         DMA1_Channel2_IRQHandler
  319 0000001A         DMA1_Channel3_IRQHandler
  320 0000001A         DMA1_Channel4_IRQHandler
  321 0000001A         ENET_IRQHandler
  322 0000001A         ENET_WKUP_IRQHandler
  323 0000001A         CAN1_TX_IRQHandler
  324 0000001A         CAN1_RX0_IRQHandler
  325 0000001A         CAN1_RX1_IRQHandler
  326 0000001A         CAN1_EWMC_IRQHandler
  327 0000001A         USBFS_IRQHandler
  328 0000001A         
  329 0000001A E7FE            B                .
  330 0000001C                 ENDP
  331 0000001C         
  332 0000001C                 ALIGN
  333 0000001C         
  334 0000001C         ; user Initial Stack & Heap
  335 0000001C         
  336 0000001C                 IF               :DEF:__MICROLIB
  337 0000001C         
  338 0000001C                 EXPORT           __initial_sp
  339 0000001C                 EXPORT           __heap_base
  340 0000001C                 EXPORT           __heap_limit
  341 0000001C         
  342 0000001C                 ELSE
  357                          ENDIF
  358 0000001C         
  359 0000001C                 END
              00000000 
              00000000 
Command Line: --debug --xref --diag_suppress=9931 --cpu=Cortex-M4.fp.sp --apcs=
interwork --depend=.\objects\startup_gd32f30x_cl.d -o.\objects\startup_gd32f30x
_cl.o -I.\RTE\_DefualtTarget -IC:\Users\skjsn\AppData\Local\Arm\Packs\GigaDevic
e\GD32F30x_DFP\1.0.3\Device\Include -IC:\Keil_v5\ARM\CMSIS\Include --predefine=
"__MICROLIB SETA 1" --predefine="__UVISION_VERSION SETA 529" --predefine="GD32F
30X_CL SETA 1" --list=.\listings\startup_gd32f30x_cl.lst Core\CMSIS\startup_gd3
2f30x_cl.s



ARM Macro Assembler    Page 1 Alphabetic symbol ordering
Relocatable symbols

STACK 00000000

Symbol: STACK
   Definitions
      At line 18 in file Core\CMSIS\startup_gd32f30x_cl.s
   Uses
      None
Comment: STACK unused
Stack_Mem 00000000

Symbol: Stack_Mem
   Definitions
      At line 19 in file Core\CMSIS\startup_gd32f30x_cl.s
   Uses
      None
Comment: Stack_Mem unused
__initial_sp 00000400

Symbol: __initial_sp
   Definitions
      At line 20 in file Core\CMSIS\startup_gd32f30x_cl.s
   Uses
      At line 43 in file Core\CMSIS\startup_gd32f30x_cl.s
      At line 338 in file Core\CMSIS\startup_gd32f30x_cl.s

3 symbols



ARM Macro Assembler    Page 1 Alphabetic symbol ordering
Relocatable symbols

HEAP 00000000

Symbol: HEAP
   Definitions
      At line 29 in file Core\CMSIS\startup_gd32f30x_cl.s
   Uses
      None
Comment: HEAP unused
Heap_Mem 00000000

Symbol: Heap_Mem
   Definitions
      At line 31 in file Core\CMSIS\startup_gd32f30x_cl.s
   Uses
      None
Comment: Heap_Mem unused
__heap_base 00000000

Symbol: __heap_base
   Definitions
      At line 30 in file Core\CMSIS\startup_gd32f30x_cl.s
   Uses
      At line 339 in file Core\CMSIS\startup_gd32f30x_cl.s
Comment: __heap_base used once
__heap_limit 00000400

Symbol: __heap_limit
   Definitions
      At line 32 in file Core\CMSIS\startup_gd32f30x_cl.s
   Uses
      At line 340 in file Core\CMSIS\startup_gd32f30x_cl.s
Comment: __heap_limit used once
4 symbols



ARM Macro Assembler    Page 1 Alphabetic symbol ordering
Relocatable symbols

RESET 00000000

Symbol: RESET
   Definitions
      At line 38 in file Core\CMSIS\startup_gd32f30x_cl.s
   Uses
      None
Comment: RESET unused
__Vectors 00000000

Symbol: __Vectors
   Definitions
      At line 43 in file Core\CMSIS\startup_gd32f30x_cl.s
   Uses
      At line 39 in file Core\CMSIS\startup_gd32f30x_cl.s
      At line 132 in file Core\CMSIS\startup_gd32f30x_cl.s

__Vectors_End 00000150

Symbol: __Vectors_End
   Definitions
      At line 130 in file Core\CMSIS\startup_gd32f30x_cl.s
   Uses
      At line 40 in file Core\CMSIS\startup_gd32f30x_cl.s
      At line 132 in file Core\CMSIS\startup_gd32f30x_cl.s

3 symbols



ARM Macro Assembler    Page 1 Alphabetic symbol ordering
Relocatable symbols

.text 00000000

Symbol: .text
   Definitions
      At line 134 in file Core\CMSIS\startup_gd32f30x_cl.s
   Uses
      None
Comment: .text unused
ADC0_1_IRQHandler 0000001A

Symbol: ADC0_1_IRQHandler
   Definitions
      At line 280 in file Core\CMSIS\startup_gd32f30x_cl.s
   Uses
      At line 79 in file Core\CMSIS\startup_gd32f30x_cl.s
      At line 212 in file Core\CMSIS\startup_gd32f30x_cl.s

BusFault_Handler 0000000E

Symbol: BusFault_Handler
   Definitions
      At line 163 in file Core\CMSIS\startup_gd32f30x_cl.s
   Uses
      At line 48 in file Core\CMSIS\startup_gd32f30x_cl.s
      At line 164 in file Core\CMSIS\startup_gd32f30x_cl.s

CAN0_EWMC_IRQHandler 0000001A

Symbol: CAN0_EWMC_IRQHandler
   Definitions
      At line 284 in file Core\CMSIS\startup_gd32f30x_cl.s
   Uses
      At line 83 in file Core\CMSIS\startup_gd32f30x_cl.s
      At line 216 in file Core\CMSIS\startup_gd32f30x_cl.s

CAN0_RX0_IRQHandler 0000001A

Symbol: CAN0_RX0_IRQHandler
   Definitions
      At line 282 in file Core\CMSIS\startup_gd32f30x_cl.s
   Uses
      At line 81 in file Core\CMSIS\startup_gd32f30x_cl.s
      At line 214 in file Core\CMSIS\startup_gd32f30x_cl.s

CAN0_RX1_IRQHandler 0000001A

Symbol: CAN0_RX1_IRQHandler
   Definitions
      At line 283 in file Core\CMSIS\startup_gd32f30x_cl.s
   Uses
      At line 82 in file Core\CMSIS\startup_gd32f30x_cl.s
      At line 215 in file Core\CMSIS\startup_gd32f30x_cl.s

CAN0_TX_IRQHandler 0000001A

Symbol: CAN0_TX_IRQHandler
   Definitions
      At line 281 in file Core\CMSIS\startup_gd32f30x_cl.s
   Uses



ARM Macro Assembler    Page 2 Alphabetic symbol ordering
Relocatable symbols

      At line 80 in file Core\CMSIS\startup_gd32f30x_cl.s
      At line 213 in file Core\CMSIS\startup_gd32f30x_cl.s

CAN1_EWMC_IRQHandler 0000001A

Symbol: CAN1_EWMC_IRQHandler
   Definitions
      At line 326 in file Core\CMSIS\startup_gd32f30x_cl.s
   Uses
      At line 127 in file Core\CMSIS\startup_gd32f30x_cl.s
      At line 258 in file Core\CMSIS\startup_gd32f30x_cl.s

CAN1_RX0_IRQHandler 0000001A

Symbol: CAN1_RX0_IRQHandler
   Definitions
      At line 324 in file Core\CMSIS\startup_gd32f30x_cl.s
   Uses
      At line 125 in file Core\CMSIS\startup_gd32f30x_cl.s
      At line 256 in file Core\CMSIS\startup_gd32f30x_cl.s

CAN1_RX1_IRQHandler 0000001A

Symbol: CAN1_RX1_IRQHandler
   Definitions
      At line 325 in file Core\CMSIS\startup_gd32f30x_cl.s
   Uses
      At line 126 in file Core\CMSIS\startup_gd32f30x_cl.s
      At line 257 in file Core\CMSIS\startup_gd32f30x_cl.s

CAN1_TX_IRQHandler 0000001A

Symbol: CAN1_TX_IRQHandler
   Definitions
      At line 323 in file Core\CMSIS\startup_gd32f30x_cl.s
   Uses
      At line 124 in file Core\CMSIS\startup_gd32f30x_cl.s
      At line 255 in file Core\CMSIS\startup_gd32f30x_cl.s

DMA0_Channel0_IRQHandler 0000001A

Symbol: DMA0_Channel0_IRQHandler
   Definitions
      At line 273 in file Core\CMSIS\startup_gd32f30x_cl.s
   Uses
      At line 72 in file Core\CMSIS\startup_gd32f30x_cl.s
      At line 205 in file Core\CMSIS\startup_gd32f30x_cl.s

DMA0_Channel1_IRQHandler 0000001A

Symbol: DMA0_Channel1_IRQHandler
   Definitions
      At line 274 in file Core\CMSIS\startup_gd32f30x_cl.s
   Uses
      At line 73 in file Core\CMSIS\startup_gd32f30x_cl.s
      At line 206 in file Core\CMSIS\startup_gd32f30x_cl.s

DMA0_Channel2_IRQHandler 0000001A




ARM Macro Assembler    Page 3 Alphabetic symbol ordering
Relocatable symbols

Symbol: DMA0_Channel2_IRQHandler
   Definitions
      At line 275 in file Core\CMSIS\startup_gd32f30x_cl.s
   Uses
      At line 74 in file Core\CMSIS\startup_gd32f30x_cl.s
      At line 207 in file Core\CMSIS\startup_gd32f30x_cl.s

DMA0_Channel3_IRQHandler 0000001A

Symbol: DMA0_Channel3_IRQHandler
   Definitions
      At line 276 in file Core\CMSIS\startup_gd32f30x_cl.s
   Uses
      At line 75 in file Core\CMSIS\startup_gd32f30x_cl.s
      At line 208 in file Core\CMSIS\startup_gd32f30x_cl.s

DMA0_Channel4_IRQHandler 0000001A

Symbol: DMA0_Channel4_IRQHandler
   Definitions
      At line 277 in file Core\CMSIS\startup_gd32f30x_cl.s
   Uses
      At line 76 in file Core\CMSIS\startup_gd32f30x_cl.s
      At line 209 in file Core\CMSIS\startup_gd32f30x_cl.s

DMA0_Channel5_IRQHandler 0000001A

Symbol: DMA0_Channel5_IRQHandler
   Definitions
      At line 278 in file Core\CMSIS\startup_gd32f30x_cl.s
   Uses
      At line 77 in file Core\CMSIS\startup_gd32f30x_cl.s
      At line 210 in file Core\CMSIS\startup_gd32f30x_cl.s

DMA0_Channel6_IRQHandler 0000001A

Symbol: DMA0_Channel6_IRQHandler
   Definitions
      At line 279 in file Core\CMSIS\startup_gd32f30x_cl.s
   Uses
      At line 78 in file Core\CMSIS\startup_gd32f30x_cl.s
      At line 211 in file Core\CMSIS\startup_gd32f30x_cl.s

DMA1_Channel0_IRQHandler 0000001A

Symbol: DMA1_Channel0_IRQHandler
   Definitions
      At line 316 in file Core\CMSIS\startup_gd32f30x_cl.s
   Uses
      At line 117 in file Core\CMSIS\startup_gd32f30x_cl.s
      At line 248 in file Core\CMSIS\startup_gd32f30x_cl.s

DMA1_Channel1_IRQHandler 0000001A

Symbol: DMA1_Channel1_IRQHandler
   Definitions
      At line 317 in file Core\CMSIS\startup_gd32f30x_cl.s
   Uses
      At line 118 in file Core\CMSIS\startup_gd32f30x_cl.s



ARM Macro Assembler    Page 4 Alphabetic symbol ordering
Relocatable symbols

      At line 249 in file Core\CMSIS\startup_gd32f30x_cl.s

DMA1_Channel2_IRQHandler 0000001A

Symbol: DMA1_Channel2_IRQHandler
   Definitions
      At line 318 in file Core\CMSIS\startup_gd32f30x_cl.s
   Uses
      At line 119 in file Core\CMSIS\startup_gd32f30x_cl.s
      At line 250 in file Core\CMSIS\startup_gd32f30x_cl.s

DMA1_Channel3_IRQHandler 0000001A

Symbol: DMA1_Channel3_IRQHandler
   Definitions
      At line 319 in file Core\CMSIS\startup_gd32f30x_cl.s
   Uses
      At line 120 in file Core\CMSIS\startup_gd32f30x_cl.s
      At line 251 in file Core\CMSIS\startup_gd32f30x_cl.s

DMA1_Channel4_IRQHandler 0000001A

Symbol: DMA1_Channel4_IRQHandler
   Definitions
      At line 320 in file Core\CMSIS\startup_gd32f30x_cl.s
   Uses
      At line 121 in file Core\CMSIS\startup_gd32f30x_cl.s
      At line 252 in file Core\CMSIS\startup_gd32f30x_cl.s

DebugMon_Handler 00000014

Symbol: DebugMon_Handler
   Definitions
      At line 177 in file Core\CMSIS\startup_gd32f30x_cl.s
   Uses
      At line 55 in file Core\CMSIS\startup_gd32f30x_cl.s
      At line 178 in file Core\CMSIS\startup_gd32f30x_cl.s

Default_Handler 0000001A

Symbol: Default_Handler
   Definitions
      At line 192 in file Core\CMSIS\startup_gd32f30x_cl.s
   Uses
      None
Comment: Default_Handler unused
ENET_IRQHandler 0000001A

Symbol: ENET_IRQHandler
   Definitions
      At line 321 in file Core\CMSIS\startup_gd32f30x_cl.s
   Uses
      At line 122 in file Core\CMSIS\startup_gd32f30x_cl.s
      At line 253 in file Core\CMSIS\startup_gd32f30x_cl.s

ENET_WKUP_IRQHandler 0000001A

Symbol: ENET_WKUP_IRQHandler
   Definitions



ARM Macro Assembler    Page 5 Alphabetic symbol ordering
Relocatable symbols

      At line 322 in file Core\CMSIS\startup_gd32f30x_cl.s
   Uses
      At line 123 in file Core\CMSIS\startup_gd32f30x_cl.s
      At line 254 in file Core\CMSIS\startup_gd32f30x_cl.s

EXMC_IRQHandler 0000001A

Symbol: EXMC_IRQHandler
   Definitions
      At line 309 in file Core\CMSIS\startup_gd32f30x_cl.s
   Uses
      At line 109 in file Core\CMSIS\startup_gd32f30x_cl.s
      At line 241 in file Core\CMSIS\startup_gd32f30x_cl.s

EXTI0_IRQHandler 0000001A

Symbol: EXTI0_IRQHandler
   Definitions
      At line 268 in file Core\CMSIS\startup_gd32f30x_cl.s
   Uses
      At line 67 in file Core\CMSIS\startup_gd32f30x_cl.s
      At line 200 in file Core\CMSIS\startup_gd32f30x_cl.s

EXTI10_15_IRQHandler 0000001A

Symbol: EXTI10_15_IRQHandler
   Definitions
      At line 302 in file Core\CMSIS\startup_gd32f30x_cl.s
   Uses
      At line 101 in file Core\CMSIS\startup_gd32f30x_cl.s
      At line 234 in file Core\CMSIS\startup_gd32f30x_cl.s

EXTI1_IRQHandler 0000001A

Symbol: EXTI1_IRQHandler
   Definitions
      At line 269 in file Core\CMSIS\startup_gd32f30x_cl.s
   Uses
      At line 68 in file Core\CMSIS\startup_gd32f30x_cl.s
      At line 201 in file Core\CMSIS\startup_gd32f30x_cl.s

EXTI2_IRQHandler 0000001A

Symbol: EXTI2_IRQHandler
   Definitions
      At line 270 in file Core\CMSIS\startup_gd32f30x_cl.s
   Uses
      At line 69 in file Core\CMSIS\startup_gd32f30x_cl.s
      At line 202 in file Core\CMSIS\startup_gd32f30x_cl.s

EXTI3_IRQHandler 0000001A

Symbol: EXTI3_IRQHandler
   Definitions
      At line 271 in file Core\CMSIS\startup_gd32f30x_cl.s
   Uses
      At line 70 in file Core\CMSIS\startup_gd32f30x_cl.s
      At line 203 in file Core\CMSIS\startup_gd32f30x_cl.s




ARM Macro Assembler    Page 6 Alphabetic symbol ordering
Relocatable symbols

EXTI4_IRQHandler 0000001A

Symbol: EXTI4_IRQHandler
   Definitions
      At line 272 in file Core\CMSIS\startup_gd32f30x_cl.s
   Uses
      At line 71 in file Core\CMSIS\startup_gd32f30x_cl.s
      At line 204 in file Core\CMSIS\startup_gd32f30x_cl.s

EXTI5_9_IRQHandler 0000001A

Symbol: EXTI5_9_IRQHandler
   Definitions
      At line 285 in file Core\CMSIS\startup_gd32f30x_cl.s
   Uses
      At line 84 in file Core\CMSIS\startup_gd32f30x_cl.s
      At line 217 in file Core\CMSIS\startup_gd32f30x_cl.s

FMC_IRQHandler 0000001A

Symbol: FMC_IRQHandler
   Definitions
      At line 266 in file Core\CMSIS\startup_gd32f30x_cl.s
   Uses
      At line 65 in file Core\CMSIS\startup_gd32f30x_cl.s
      At line 198 in file Core\CMSIS\startup_gd32f30x_cl.s

HardFault_Handler 0000000A

Symbol: HardFault_Handler
   Definitions
      At line 153 in file Core\CMSIS\startup_gd32f30x_cl.s
   Uses
      At line 46 in file Core\CMSIS\startup_gd32f30x_cl.s
      At line 154 in file Core\CMSIS\startup_gd32f30x_cl.s

I2C0_ER_IRQHandler 0000001A

Symbol: I2C0_ER_IRQHandler
   Definitions
      At line 294 in file Core\CMSIS\startup_gd32f30x_cl.s
   Uses
      At line 93 in file Core\CMSIS\startup_gd32f30x_cl.s
      At line 226 in file Core\CMSIS\startup_gd32f30x_cl.s

I2C0_EV_IRQHandler 0000001A

Symbol: I2C0_EV_IRQHandler
   Definitions
      At line 293 in file Core\CMSIS\startup_gd32f30x_cl.s
   Uses
      At line 92 in file Core\CMSIS\startup_gd32f30x_cl.s
      At line 225 in file Core\CMSIS\startup_gd32f30x_cl.s

I2C1_ER_IRQHandler 0000001A

Symbol: I2C1_ER_IRQHandler
   Definitions
      At line 296 in file Core\CMSIS\startup_gd32f30x_cl.s



ARM Macro Assembler    Page 7 Alphabetic symbol ordering
Relocatable symbols

   Uses
      At line 95 in file Core\CMSIS\startup_gd32f30x_cl.s
      At line 228 in file Core\CMSIS\startup_gd32f30x_cl.s

I2C1_EV_IRQHandler 0000001A

Symbol: I2C1_EV_IRQHandler
   Definitions
      At line 295 in file Core\CMSIS\startup_gd32f30x_cl.s
   Uses
      At line 94 in file Core\CMSIS\startup_gd32f30x_cl.s
      At line 227 in file Core\CMSIS\startup_gd32f30x_cl.s

LVD_IRQHandler 0000001A

Symbol: LVD_IRQHandler
   Definitions
      At line 263 in file Core\CMSIS\startup_gd32f30x_cl.s
   Uses
      At line 62 in file Core\CMSIS\startup_gd32f30x_cl.s
      At line 195 in file Core\CMSIS\startup_gd32f30x_cl.s

MemManage_Handler 0000000C

Symbol: MemManage_Handler
   Definitions
      At line 158 in file Core\CMSIS\startup_gd32f30x_cl.s
   Uses
      At line 47 in file Core\CMSIS\startup_gd32f30x_cl.s
      At line 159 in file Core\CMSIS\startup_gd32f30x_cl.s

NMI_Handler 00000008

Symbol: NMI_Handler
   Definitions
      At line 148 in file Core\CMSIS\startup_gd32f30x_cl.s
   Uses
      At line 45 in file Core\CMSIS\startup_gd32f30x_cl.s
      At line 149 in file Core\CMSIS\startup_gd32f30x_cl.s

PendSV_Handler 00000016

Symbol: PendSV_Handler
   Definitions
      At line 182 in file Core\CMSIS\startup_gd32f30x_cl.s
   Uses
      At line 57 in file Core\CMSIS\startup_gd32f30x_cl.s
      At line 183 in file Core\CMSIS\startup_gd32f30x_cl.s

RCU_CTC_IRQHandler 0000001A

Symbol: RCU_CTC_IRQHandler
   Definitions
      At line 267 in file Core\CMSIS\startup_gd32f30x_cl.s
   Uses
      At line 66 in file Core\CMSIS\startup_gd32f30x_cl.s
      At line 199 in file Core\CMSIS\startup_gd32f30x_cl.s

RTC_Alarm_IRQHandler 0000001A



ARM Macro Assembler    Page 8 Alphabetic symbol ordering
Relocatable symbols


Symbol: RTC_Alarm_IRQHandler
   Definitions
      At line 303 in file Core\CMSIS\startup_gd32f30x_cl.s
   Uses
      At line 102 in file Core\CMSIS\startup_gd32f30x_cl.s
      At line 235 in file Core\CMSIS\startup_gd32f30x_cl.s

RTC_IRQHandler 0000001A

Symbol: RTC_IRQHandler
   Definitions
      At line 265 in file Core\CMSIS\startup_gd32f30x_cl.s
   Uses
      At line 64 in file Core\CMSIS\startup_gd32f30x_cl.s
      At line 197 in file Core\CMSIS\startup_gd32f30x_cl.s

Reset_Handler 00000000

Symbol: Reset_Handler
   Definitions
      At line 137 in file Core\CMSIS\startup_gd32f30x_cl.s
   Uses
      At line 44 in file Core\CMSIS\startup_gd32f30x_cl.s
      At line 138 in file Core\CMSIS\startup_gd32f30x_cl.s

SPI0_IRQHandler 0000001A

Symbol: SPI0_IRQHandler
   Definitions
      At line 297 in file Core\CMSIS\startup_gd32f30x_cl.s
   Uses
      At line 96 in file Core\CMSIS\startup_gd32f30x_cl.s
      At line 229 in file Core\CMSIS\startup_gd32f30x_cl.s

SPI1_IRQHandler 0000001A

Symbol: SPI1_IRQHandler
   Definitions
      At line 298 in file Core\CMSIS\startup_gd32f30x_cl.s
   Uses
      At line 97 in file Core\CMSIS\startup_gd32f30x_cl.s
      At line 230 in file Core\CMSIS\startup_gd32f30x_cl.s

SPI2_IRQHandler 0000001A

Symbol: SPI2_IRQHandler
   Definitions
      At line 311 in file Core\CMSIS\startup_gd32f30x_cl.s
   Uses
      At line 112 in file Core\CMSIS\startup_gd32f30x_cl.s
      At line 243 in file Core\CMSIS\startup_gd32f30x_cl.s

SVC_Handler 00000012

Symbol: SVC_Handler
   Definitions
      At line 172 in file Core\CMSIS\startup_gd32f30x_cl.s
   Uses



ARM Macro Assembler    Page 9 Alphabetic symbol ordering
Relocatable symbols

      At line 54 in file Core\CMSIS\startup_gd32f30x_cl.s
      At line 173 in file Core\CMSIS\startup_gd32f30x_cl.s

SysTick_Handler 00000018

Symbol: SysTick_Handler
   Definitions
      At line 187 in file Core\CMSIS\startup_gd32f30x_cl.s
   Uses
      At line 58 in file Core\CMSIS\startup_gd32f30x_cl.s
      At line 188 in file Core\CMSIS\startup_gd32f30x_cl.s

TAMPER_IRQHandler 0000001A

Symbol: TAMPER_IRQHandler
   Definitions
      At line 264 in file Core\CMSIS\startup_gd32f30x_cl.s
   Uses
      At line 63 in file Core\CMSIS\startup_gd32f30x_cl.s
      At line 196 in file Core\CMSIS\startup_gd32f30x_cl.s

TIMER0_BRK_TIMER8_IRQHandler 0000001A

Symbol: TIMER0_BRK_TIMER8_IRQHandler
   Definitions
      At line 286 in file Core\CMSIS\startup_gd32f30x_cl.s
   Uses
      At line 85 in file Core\CMSIS\startup_gd32f30x_cl.s
      At line 218 in file Core\CMSIS\startup_gd32f30x_cl.s

TIMER0_Channel_IRQHandler 0000001A

Symbol: TIMER0_Channel_IRQHandler
   Definitions
      At line 289 in file Core\CMSIS\startup_gd32f30x_cl.s
   Uses
      At line 88 in file Core\CMSIS\startup_gd32f30x_cl.s
      At line 221 in file Core\CMSIS\startup_gd32f30x_cl.s

TIMER0_TRG_CMT_TIMER10_IRQHandler 0000001A

Symbol: TIMER0_TRG_CMT_TIMER10_IRQHandler
   Definitions
      At line 288 in file Core\CMSIS\startup_gd32f30x_cl.s
   Uses
      At line 87 in file Core\CMSIS\startup_gd32f30x_cl.s
      At line 220 in file Core\CMSIS\startup_gd32f30x_cl.s

TIMER0_UP_TIMER9_IRQHandler 0000001A

Symbol: TIMER0_UP_TIMER9_IRQHandler
   Definitions
      At line 287 in file Core\CMSIS\startup_gd32f30x_cl.s
   Uses
      At line 86 in file Core\CMSIS\startup_gd32f30x_cl.s
      At line 219 in file Core\CMSIS\startup_gd32f30x_cl.s

TIMER1_IRQHandler 0000001A




ARM Macro Assembler    Page 10 Alphabetic symbol ordering
Relocatable symbols

Symbol: TIMER1_IRQHandler
   Definitions
      At line 290 in file Core\CMSIS\startup_gd32f30x_cl.s
   Uses
      At line 89 in file Core\CMSIS\startup_gd32f30x_cl.s
      At line 222 in file Core\CMSIS\startup_gd32f30x_cl.s

TIMER2_IRQHandler 0000001A

Symbol: TIMER2_IRQHandler
   Definitions
      At line 291 in file Core\CMSIS\startup_gd32f30x_cl.s
   Uses
      At line 90 in file Core\CMSIS\startup_gd32f30x_cl.s
      At line 223 in file Core\CMSIS\startup_gd32f30x_cl.s

TIMER3_IRQHandler 0000001A

Symbol: TIMER3_IRQHandler
   Definitions
      At line 292 in file Core\CMSIS\startup_gd32f30x_cl.s
   Uses
      At line 91 in file Core\CMSIS\startup_gd32f30x_cl.s
      At line 224 in file Core\CMSIS\startup_gd32f30x_cl.s

TIMER4_IRQHandler 0000001A

Symbol: TIMER4_IRQHandler
   Definitions
      At line 310 in file Core\CMSIS\startup_gd32f30x_cl.s
   Uses
      At line 111 in file Core\CMSIS\startup_gd32f30x_cl.s
      At line 242 in file Core\CMSIS\startup_gd32f30x_cl.s

TIMER5_IRQHandler 0000001A

Symbol: TIMER5_IRQHandler
   Definitions
      At line 314 in file Core\CMSIS\startup_gd32f30x_cl.s
   Uses
      At line 115 in file Core\CMSIS\startup_gd32f30x_cl.s
      At line 246 in file Core\CMSIS\startup_gd32f30x_cl.s

TIMER6_IRQHandler 0000001A

Symbol: TIMER6_IRQHandler
   Definitions
      At line 315 in file Core\CMSIS\startup_gd32f30x_cl.s
   Uses
      At line 116 in file Core\CMSIS\startup_gd32f30x_cl.s
      At line 247 in file Core\CMSIS\startup_gd32f30x_cl.s

TIMER7_BRK_TIMER11_IRQHandler 0000001A

Symbol: TIMER7_BRK_TIMER11_IRQHandler
   Definitions
      At line 305 in file Core\CMSIS\startup_gd32f30x_cl.s
   Uses
      At line 104 in file Core\CMSIS\startup_gd32f30x_cl.s



ARM Macro Assembler    Page 11 Alphabetic symbol ordering
Relocatable symbols

      At line 237 in file Core\CMSIS\startup_gd32f30x_cl.s

TIMER7_Channel_IRQHandler 0000001A

Symbol: TIMER7_Channel_IRQHandler
   Definitions
      At line 308 in file Core\CMSIS\startup_gd32f30x_cl.s
   Uses
      At line 107 in file Core\CMSIS\startup_gd32f30x_cl.s
      At line 240 in file Core\CMSIS\startup_gd32f30x_cl.s

TIMER7_TRG_CMT_TIMER13_IRQHandler 0000001A

Symbol: TIMER7_TRG_CMT_TIMER13_IRQHandler
   Definitions
      At line 307 in file Core\CMSIS\startup_gd32f30x_cl.s
   Uses
      At line 106 in file Core\CMSIS\startup_gd32f30x_cl.s
      At line 239 in file Core\CMSIS\startup_gd32f30x_cl.s

TIMER7_UP_TIMER12_IRQHandler 0000001A

Symbol: TIMER7_UP_TIMER12_IRQHandler
   Definitions
      At line 306 in file Core\CMSIS\startup_gd32f30x_cl.s
   Uses
      At line 105 in file Core\CMSIS\startup_gd32f30x_cl.s
      At line 238 in file Core\CMSIS\startup_gd32f30x_cl.s

UART3_IRQHandler 0000001A

Symbol: UART3_IRQHandler
   Definitions
      At line 312 in file Core\CMSIS\startup_gd32f30x_cl.s
   Uses
      At line 113 in file Core\CMSIS\startup_gd32f30x_cl.s
      At line 244 in file Core\CMSIS\startup_gd32f30x_cl.s

UART4_IRQHandler 0000001A

Symbol: UART4_IRQHandler
   Definitions
      At line 313 in file Core\CMSIS\startup_gd32f30x_cl.s
   Uses
      At line 114 in file Core\CMSIS\startup_gd32f30x_cl.s
      At line 245 in file Core\CMSIS\startup_gd32f30x_cl.s

USART0_IRQHandler 0000001A

Symbol: USART0_IRQHandler
   Definitions
      At line 299 in file Core\CMSIS\startup_gd32f30x_cl.s
   Uses
      At line 98 in file Core\CMSIS\startup_gd32f30x_cl.s
      At line 231 in file Core\CMSIS\startup_gd32f30x_cl.s

USART1_IRQHandler 0000001A

Symbol: USART1_IRQHandler



ARM Macro Assembler    Page 12 Alphabetic symbol ordering
Relocatable symbols

   Definitions
      At line 300 in file Core\CMSIS\startup_gd32f30x_cl.s
   Uses
      At line 99 in file Core\CMSIS\startup_gd32f30x_cl.s
      At line 232 in file Core\CMSIS\startup_gd32f30x_cl.s

USART2_IRQHandler 0000001A

Symbol: USART2_IRQHandler
   Definitions
      At line 301 in file Core\CMSIS\startup_gd32f30x_cl.s
   Uses
      At line 100 in file Core\CMSIS\startup_gd32f30x_cl.s
      At line 233 in file Core\CMSIS\startup_gd32f30x_cl.s

USBFS_IRQHandler 0000001A

Symbol: USBFS_IRQHandler
   Definitions
      At line 327 in file Core\CMSIS\startup_gd32f30x_cl.s
   Uses
      At line 128 in file Core\CMSIS\startup_gd32f30x_cl.s
      At line 259 in file Core\CMSIS\startup_gd32f30x_cl.s

USBFS_WKUP_IRQHandler 0000001A

Symbol: USBFS_WKUP_IRQHandler
   Definitions
      At line 304 in file Core\CMSIS\startup_gd32f30x_cl.s
   Uses
      At line 103 in file Core\CMSIS\startup_gd32f30x_cl.s
      At line 236 in file Core\CMSIS\startup_gd32f30x_cl.s

UsageFault_Handler 00000010

Symbol: UsageFault_Handler
   Definitions
      At line 168 in file Core\CMSIS\startup_gd32f30x_cl.s
   Uses
      At line 49 in file Core\CMSIS\startup_gd32f30x_cl.s
      At line 169 in file Core\CMSIS\startup_gd32f30x_cl.s

WWDGT_IRQHandler 0000001A

Symbol: WWDGT_IRQHandler
   Definitions
      At line 262 in file Core\CMSIS\startup_gd32f30x_cl.s
   Uses
      At line 61 in file Core\CMSIS\startup_gd32f30x_cl.s
      At line 194 in file Core\CMSIS\startup_gd32f30x_cl.s

78 symbols



ARM Macro Assembler    Page 1 Alphabetic symbol ordering
Absolute symbols

Heap_Size 00000400

Symbol: Heap_Size
   Definitions
      At line 27 in file Core\CMSIS\startup_gd32f30x_cl.s
   Uses
      At line 31 in file Core\CMSIS\startup_gd32f30x_cl.s
Comment: Heap_Size used once
Stack_Size 00000400

Symbol: Stack_Size
   Definitions
      At line 16 in file Core\CMSIS\startup_gd32f30x_cl.s
   Uses
      At line 19 in file Core\CMSIS\startup_gd32f30x_cl.s
Comment: Stack_Size used once
__Vectors_Size 00000150

Symbol: __Vectors_Size
   Definitions
      At line 132 in file Core\CMSIS\startup_gd32f30x_cl.s
   Uses
      At line 41 in file Core\CMSIS\startup_gd32f30x_cl.s
Comment: __Vectors_Size used once
3 symbols



ARM Macro Assembler    Page 1 Alphabetic symbol ordering
External symbols

SystemInit 00000000

Symbol: SystemInit
   Definitions
      At line 139 in file Core\CMSIS\startup_gd32f30x_cl.s
   Uses
      At line 141 in file Core\CMSIS\startup_gd32f30x_cl.s
Comment: SystemInit used once
__main 00000000

Symbol: __main
   Definitions
      At line 140 in file Core\CMSIS\startup_gd32f30x_cl.s
   Uses
      At line 143 in file Core\CMSIS\startup_gd32f30x_cl.s
Comment: __main used once
2 symbols
429 symbols in table
